#! c:/iverilog/bin/vvp
:ivl_version "0.10.0 (devel)" "(s20130827)";
:ivl_delay_selection "TYPICAL";
:vpi_time_precision - 11;
:vpi_module "system";
:vpi_module "vhdl_sys";
:vpi_module "v2005_math";
:vpi_module "va_math";
S_0038FC90 .scope module, "ReorderBuffer" "ReorderBuffer" 2 2;
 .timescale -9 -11;
    .port_info 0 /INPUT 1 "clk"
    .port_info 1 /INPUT 6 "issue_opType"
    .port_info 2 /INPUT 32 "issue_data2"
    .port_info 3 /INPUT 32 "issue_pc"
    .port_info 4 /INPUT 5 "issue_destReg"
    .port_info 5 /INPUT 1 "issueValid"
    .port_info 6 /INPUT 6 "indexIn"
    .port_info 7 /OUTPUT 32 "result"
    .port_info 8 /OUTPUT 1 "readyOut"
    .port_info 9 /OUTPUT 1 "available"
    .port_info 10 /INPUT 32 "trans"
    .port_info 11 /INPUT 32 "offset"
    .port_info 12 /OUTPUT 32 "destOut"
    .port_info 13 /OUTPUT 32 "valueOut"
    .port_info 14 /OUTPUT 1 "avail"
    .port_info 15 /OUTPUT 1 "statusWriteEnable"
    .port_info 16 /OUTPUT 6 "statusWriteIndex"
    .port_info 17 /OUTPUT 6 "statusWriteData"
    .port_info 18 /INPUT 2 "branchPrediction"
    .port_info 19 /OUTPUT 32 "branchAddr"
    .port_info 20 /OUTPUT 32 "branchWriteAddr"
    .port_info 21 /OUTPUT 1 "branchWriteEnable"
    .port_info 22 /OUTPUT 2 "branchWriteData"
    .port_info 23 /OUTPUT 32 "issueNewPC"
    .port_info 24 /OUTPUT 1 "issueNewPCEnable"
    .port_info 25 /OUTPUT 1 "resetAll"
P_003813E8 .param/l "addOp" 0 2 30, C4<000000>;
P_00381408 .param/l "addiOp" 0 2 31, C4<000001>;
P_00381428 .param/l "bneOp" 0 2 38, C4<001000>;
P_00381448 .param/l "lwOp" 0 2 36, C4<000110>;
P_00381468 .param/l "mulOp" 0 2 35, C4<000101>;
P_00381488 .param/l "sllOp" 0 2 33, C4<000011>;
P_003814A8 .param/l "srlOp" 0 2 34, C4<000100>;
P_003814C8 .param/l "subOp" 0 2 32, C4<000010>;
P_003814E8 .param/l "swOp" 0 2 37, C4<000111>;
v003857A8_0 .var "avail", 0 0;
v0038F008_0 .var "available", 0 0;
v0038FD60_0 .var "branchAddr", 31 0;
o0062AFF4 .functor BUFZ 2, C4<zz>; HiZ drive
v0038FDB8_0 .net "branchPrediction", 1 0, o0062AFF4;  0 drivers
v00381510_0 .var "branchWriteAddr", 31 0;
v00655FD0_0 .var "branchWriteData", 1 0;
v00656028_0 .var "branchWriteEnable", 0 0;
o0062B054 .functor BUFZ 1, C4<z>; HiZ drive
v00656080_0 .net "clk", 0 0, o0062B054;  0 drivers
v006560D8_0 .var "count", 4 0;
v00656130 .array "dest", 15 0, 31 0;
v00656188_0 .var "destOut", 31 0;
v006561E0_0 .var "head", 4 0;
v00656238_0 .var/i "i", 31 0;
o0062B0CC .functor BUFZ 6, C4<zzzzzz>; HiZ drive
v00656290_0 .net "indexIn", 5 0, o0062B0CC;  0 drivers
v006562E8 .array "instAddr", 15 0, 31 0;
v00656340_0 .var "issueNewPC", 31 0;
v00656398_0 .var "issueNewPCEnable", 0 0;
o0062B114 .functor BUFZ 1, C4<z>; HiZ drive
v006563F0_0 .net "issueValid", 0 0, o0062B114;  0 drivers
o0062B12C .functor BUFZ 32, C4<zzzzzzzzzzzzzzzzzzzzzzzzzzzzzzzz>; HiZ drive
v00656448_0 .net "issue_data2", 31 0, o0062B12C;  0 drivers
o0062B144 .functor BUFZ 5, C4<zzzzz>; HiZ drive
v006564A0_0 .net "issue_destReg", 4 0, o0062B144;  0 drivers
o0062B15C .functor BUFZ 6, C4<zzzzzz>; HiZ drive
v006564F8_0 .net "issue_opType", 5 0, o0062B15C;  0 drivers
o0062B174 .functor BUFZ 32, C4<zzzzzzzzzzzzzzzzzzzzzzzzzzzzzzzz>; HiZ drive
v00656550_0 .net "issue_pc", 31 0, o0062B174;  0 drivers
o0062B18C .functor BUFZ 32, C4<zzzzzzzzzzzzzzzzzzzzzzzzzzzzzzzz>; HiZ drive
v006565A8_0 .net "offset", 31 0, o0062B18C;  0 drivers
v00656600 .array "opcode", 15 0, 5 0;
v00656658 .array "ready", 15 0, 0 0;
v006566B0_0 .var "readyOut", 0 0;
v00656708_0 .var "resetAll", 0 0;
v00656760_0 .var "result", 31 0;
v006567B8_0 .var "statusWriteData", 5 0;
v00656810_0 .var "statusWriteEnable", 0 0;
v00656868_0 .var "statusWriteIndex", 5 0;
v006568C0_0 .var "tail", 4 0;
v00656918_0 .var "tempPrediction", 1 0;
o0062B264 .functor BUFZ 32, C4<zzzzzzzzzzzzzzzzzzzzzzzzzzzzzzzz>; HiZ drive
v00656970_0 .net "trans", 31 0, o0062B264;  0 drivers
v006569C8 .array "value", 15 0, 31 0;
v00656A20_0 .var "valueOut", 31 0;
E_00615010 .event edge, v00656290_0;
E_00615038 .event posedge, v00656080_0;
E_00615060 .event posedge, v006563F0_0;
    .scope S_0038FC90;
T_0 ;
    %set/v v006561E0_0, 0, 5;
    %set/v v006568C0_0, 0, 5;
    %set/v v00656398_0, 0, 1;
    %set/v v00656238_0, 0, 32;
T_0.0 ;
    %load/v 8, v00656238_0, 32;
    %cmpi/s 8, 15, 32;
    %jmp/0xz T_0.1, 5;
    %ix/getv/s 3, v00656238_0;
    %jmp/1 t_0, 4;
    %ix/load 1, 0, 0;
    %set/av v00656600, 0, 6;
t_0 ;
    %ix/getv/s 3, v00656238_0;
    %jmp/1 t_1, 4;
    %ix/load 1, 0, 0;
    %set/av v006569C8, 0, 32;
t_1 ;
    %ix/getv/s 3, v00656238_0;
    %jmp/1 t_2, 4;
    %ix/load 1, 0, 0;
    %set/av v00656130, 0, 32;
t_2 ;
    %ix/getv/s 3, v00656238_0;
    %jmp/1 t_3, 4;
    %ix/load 1, 0, 0;
    %set/av v00656658, 0, 1;
t_3 ;
    %ix/getv/s 3, v00656238_0;
    %jmp/1 t_4, 4;
    %ix/load 1, 0, 0;
    %set/av v006562E8, 0, 32;
t_4 ;
    %load/v 8, v00656238_0, 32;
    %movi 40, 1, 32;
    %add 40, 8, 32;
    %set/v v00656238_0, 40, 32;
    %jmp T_0.0;
T_0.1 ;
    %set/v v006560D8_0, 0, 5;
    %set/v v0038F008_0, 1, 1;
    %end;
    .thread T_0;
    .scope S_0038FC90;
T_1 ;
    %wait E_00615060;
    %ix/load 0, 1, 0;
    %load/vp0 8, v006560D8_0, 5;
    %set/v v006560D8_0, 8, 5;
    %movi 8, 16, 7;
    %load/v 15, v006560D8_0, 5;
    %pad 20, 0, 2;
    %cmp/u 8, 15, 7;
    %or 5, 4, 1;
    %jmp/0xz  T_1.0, 5;
    %set/v v0038F008_0, 0, 1;
T_1.0 ;
    %load/v 8, v006564F8_0, 6;
    %load/v 14, v006568C0_0, 5;
    %pad 19, 0, 1;
    %ix/get 3, 14, 6;
    %jmp/1 t_6, 4;
    %ix/load 1, 0, 0;
    %set/av v00656600, 8, 6;
t_6 ;
    %load/v 8, v00656550_0, 32;
    %load/v 40, v006568C0_0, 5;
    %pad 45, 0, 1;
    %ix/get 3, 40, 6;
    %jmp/1 t_7, 4;
    %ix/load 1, 0, 0;
    %set/av v006562E8, 8, 32;
t_7 ;
    %load/v 8, v006568C0_0, 5;
    %pad 13, 0, 1;
    %ix/get 3, 8, 6;
    %jmp/1 t_8, 4;
    %ix/load 1, 0, 0;
    %set/av v00656658, 0, 1;
t_8 ;
    %load/v 8, v006564F8_0, 6;
    %cmpi/u 8, 0, 6;
    %jmp/1 T_1.2, 6;
    %cmpi/u 8, 2, 6;
    %jmp/1 T_1.3, 6;
    %cmpi/u 8, 3, 6;
    %jmp/1 T_1.4, 6;
    %cmpi/u 8, 4, 6;
    %jmp/1 T_1.5, 6;
    %cmpi/u 8, 5, 6;
    %jmp/1 T_1.6, 6;
    %cmpi/u 8, 1, 6;
    %jmp/1 T_1.7, 6;
    %cmpi/u 8, 6, 6;
    %jmp/1 T_1.8, 6;
    %cmpi/u 8, 7, 6;
    %jmp/1 T_1.9, 6;
    %cmpi/u 8, 8, 6;
    %jmp/1 T_1.10, 6;
    %jmp T_1.11;
T_1.2 ;
    %load/v 8, v006564A0_0, 5;
    %mov 13, 0, 27;
    %load/v 40, v006568C0_0, 5;
    %pad 45, 0, 1;
    %ix/get 3, 40, 6;
    %jmp/1 t_9, 4;
    %ix/load 1, 0, 0;
    %set/av v00656130, 8, 32;
t_9 ;
    %jmp T_1.11;
T_1.3 ;
    %load/v 8, v006564A0_0, 5;
    %mov 13, 0, 27;
    %load/v 40, v006568C0_0, 5;
    %pad 45, 0, 1;
    %ix/get 3, 40, 6;
    %jmp/1 t_10, 4;
    %ix/load 1, 0, 0;
    %set/av v00656130, 8, 32;
t_10 ;
    %jmp T_1.11;
T_1.4 ;
    %load/v 8, v006564A0_0, 5;
    %mov 13, 0, 27;
    %load/v 40, v006568C0_0, 5;
    %pad 45, 0, 1;
    %ix/get 3, 40, 6;
    %jmp/1 t_11, 4;
    %ix/load 1, 0, 0;
    %set/av v00656130, 8, 32;
t_11 ;
    %jmp T_1.11;
T_1.5 ;
    %load/v 8, v006564A0_0, 5;
    %mov 13, 0, 27;
    %load/v 40, v006568C0_0, 5;
    %pad 45, 0, 1;
    %ix/get 3, 40, 6;
    %jmp/1 t_12, 4;
    %ix/load 1, 0, 0;
    %set/av v00656130, 8, 32;
t_12 ;
    %jmp T_1.11;
T_1.6 ;
    %load/v 8, v006564A0_0, 5;
    %mov 13, 0, 27;
    %load/v 40, v006568C0_0, 5;
    %pad 45, 0, 1;
    %ix/get 3, 40, 6;
    %jmp/1 t_13, 4;
    %ix/load 1, 0, 0;
    %set/av v00656130, 8, 32;
t_13 ;
    %jmp T_1.11;
T_1.7 ;
    %load/v 8, v006564A0_0, 5;
    %mov 13, 0, 27;
    %load/v 40, v006568C0_0, 5;
    %pad 45, 0, 1;
    %ix/get 3, 40, 6;
    %jmp/1 t_14, 4;
    %ix/load 1, 0, 0;
    %set/av v00656130, 8, 32;
t_14 ;
    %jmp T_1.11;
T_1.8 ;
    %load/v 8, v006564A0_0, 5;
    %mov 13, 0, 27;
    %load/v 40, v006568C0_0, 5;
    %pad 45, 0, 1;
    %ix/get 3, 40, 6;
    %jmp/1 t_15, 4;
    %ix/load 1, 0, 0;
    %set/av v00656130, 8, 32;
t_15 ;
    %jmp T_1.11;
T_1.9 ;
    %jmp T_1.11;
T_1.10 ;
    %load/v 8, v00656448_0, 32;
    %load/v 40, v006568C0_0, 5;
    %pad 45, 0, 1;
    %ix/get 3, 40, 6;
    %jmp/1 t_16, 4;
    %ix/load 1, 0, 0;
    %set/av v00656130, 8, 32;
t_16 ;
    %jmp T_1.11;
T_1.11 ;
    %ix/load 0, 1, 0;
    %load/vp0 8, v006568C0_0, 5;
    %set/v v006568C0_0, 8, 5;
    %movi 8, 16, 7;
    %load/v 15, v006568C0_0, 5;
    %pad 20, 0, 2;
    %cmp/u 8, 15, 7;
    %or 5, 4, 1;
    %jmp/0xz  T_1.12, 5;
    %load/v 8, v006568C0_0, 5;
    %pad 13, 0, 1;
    %subi 8, 16, 6;
    %set/v v006568C0_0, 8, 5;
T_1.12 ;
    %jmp T_1;
    .thread T_1;
    .scope S_0038FC90;
T_2 ;
    %wait E_00615038;
    %delay 12000, 0;
    %set/v v00656708_0, 0, 1;
    %set/v v00656810_0, 0, 1;
    %set/v v00656028_0, 0, 1;
    %set/v v00656340_0, 0, 32;
    %set/v v0038FD60_0, 1, 32;
    %load/v 9, v006561E0_0, 5;
    %pad 14, 0, 1;
    %ix/get 3, 9, 6;
    %load/av 8, v00656658, 1;
    %jmp/0xz  T_2.0, 8;
    %load/v 14, v006561E0_0, 5;
    %pad 19, 0, 1;
    %ix/get 3, 14, 6;
    %load/av 8, v00656600, 6;
    %cmpi/u 8, 0, 6;
    %jmp/1 T_2.2, 6;
    %cmpi/u 8, 2, 6;
    %jmp/1 T_2.3, 6;
    %cmpi/u 8, 3, 6;
    %jmp/1 T_2.4, 6;
    %cmpi/u 8, 4, 6;
    %jmp/1 T_2.5, 6;
    %cmpi/u 8, 5, 6;
    %jmp/1 T_2.6, 6;
    %cmpi/u 8, 1, 6;
    %jmp/1 T_2.7, 6;
    %cmpi/u 8, 6, 6;
    %jmp/1 T_2.8, 6;
    %cmpi/u 8, 7, 6;
    %jmp/1 T_2.9, 6;
    %cmpi/u 8, 8, 6;
    %jmp/1 T_2.10, 6;
    %jmp T_2.11;
T_2.2 ;
    %load/v 8, v006561E0_0, 5;
    %pad 13, 0, 1;
    %ix/get 3, 8, 6;
    %jmp/1 T_2.12, 4;
    %ix/get/s 0, 0, 2;
T_2.12 ;
    %load/avx.p 8, v00656130, 0;
    %load/avx.p 9, v00656130, 0;
    %load/avx.p 10, v00656130, 0;
    %load/avx.p 11, v00656130, 0;
    %load/avx.p 12, v00656130, 0;
    %load/avx.p 13, v00656130, 0;
; Save base=8 wid=6 in lookaside.
    %set/v v00656868_0, 8, 6;
    %movi 8, 16, 6;
    %set/v v006567B8_0, 8, 6;
    %set/v v00656810_0, 1, 1;
    %jmp T_2.11;
T_2.3 ;
    %load/v 8, v006561E0_0, 5;
    %pad 13, 0, 1;
    %ix/get 3, 8, 6;
    %jmp/1 T_2.13, 4;
    %ix/get/s 0, 0, 2;
T_2.13 ;
    %load/avx.p 8, v00656130, 0;
    %load/avx.p 9, v00656130, 0;
    %load/avx.p 10, v00656130, 0;
    %load/avx.p 11, v00656130, 0;
    %load/avx.p 12, v00656130, 0;
    %load/avx.p 13, v00656130, 0;
; Save base=8 wid=6 in lookaside.
    %set/v v00656868_0, 8, 6;
    %movi 8, 16, 6;
    %set/v v006567B8_0, 8, 6;
    %set/v v00656810_0, 1, 1;
    %jmp T_2.11;
T_2.4 ;
    %load/v 8, v006561E0_0, 5;
    %pad 13, 0, 1;
    %ix/get 3, 8, 6;
    %jmp/1 T_2.14, 4;
    %ix/get/s 0, 0, 2;
T_2.14 ;
    %load/avx.p 8, v00656130, 0;
    %load/avx.p 9, v00656130, 0;
    %load/avx.p 10, v00656130, 0;
    %load/avx.p 11, v00656130, 0;
    %load/avx.p 12, v00656130, 0;
    %load/avx.p 13, v00656130, 0;
; Save base=8 wid=6 in lookaside.
    %set/v v00656868_0, 8, 6;
    %movi 8, 16, 6;
    %set/v v006567B8_0, 8, 6;
    %set/v v00656810_0, 1, 1;
    %jmp T_2.11;
T_2.5 ;
    %load/v 8, v006561E0_0, 5;
    %pad 13, 0, 1;
    %ix/get 3, 8, 6;
    %jmp/1 T_2.15, 4;
    %ix/get/s 0, 0, 2;
T_2.15 ;
    %load/avx.p 8, v00656130, 0;
    %load/avx.p 9, v00656130, 0;
    %load/avx.p 10, v00656130, 0;
    %load/avx.p 11, v00656130, 0;
    %load/avx.p 12, v00656130, 0;
    %load/avx.p 13, v00656130, 0;
; Save base=8 wid=6 in lookaside.
    %set/v v00656868_0, 8, 6;
    %movi 8, 16, 6;
    %set/v v006567B8_0, 8, 6;
    %set/v v00656810_0, 1, 1;
    %jmp T_2.11;
T_2.6 ;
    %load/v 8, v006561E0_0, 5;
    %pad 13, 0, 1;
    %ix/get 3, 8, 6;
    %jmp/1 T_2.16, 4;
    %ix/get/s 0, 0, 2;
T_2.16 ;
    %load/avx.p 8, v00656130, 0;
    %load/avx.p 9, v00656130, 0;
    %load/avx.p 10, v00656130, 0;
    %load/avx.p 11, v00656130, 0;
    %load/avx.p 12, v00656130, 0;
    %load/avx.p 13, v00656130, 0;
; Save base=8 wid=6 in lookaside.
    %set/v v00656868_0, 8, 6;
    %movi 8, 16, 6;
    %set/v v006567B8_0, 8, 6;
    %set/v v00656810_0, 1, 1;
    %jmp T_2.11;
T_2.7 ;
    %load/v 8, v006561E0_0, 5;
    %pad 13, 0, 1;
    %ix/get 3, 8, 6;
    %jmp/1 T_2.17, 4;
    %ix/get/s 0, 0, 2;
T_2.17 ;
    %load/avx.p 8, v00656130, 0;
    %load/avx.p 9, v00656130, 0;
    %load/avx.p 10, v00656130, 0;
    %load/avx.p 11, v00656130, 0;
    %load/avx.p 12, v00656130, 0;
    %load/avx.p 13, v00656130, 0;
; Save base=8 wid=6 in lookaside.
    %set/v v00656868_0, 8, 6;
    %movi 8, 16, 6;
    %set/v v006567B8_0, 8, 6;
    %set/v v00656810_0, 1, 1;
    %jmp T_2.11;
T_2.8 ;
    %load/v 8, v006561E0_0, 5;
    %pad 13, 0, 1;
    %ix/get 3, 8, 6;
    %jmp/1 T_2.18, 4;
    %ix/get/s 0, 0, 2;
T_2.18 ;
    %load/avx.p 8, v00656130, 0;
    %load/avx.p 9, v00656130, 0;
    %load/avx.p 10, v00656130, 0;
    %load/avx.p 11, v00656130, 0;
    %load/avx.p 12, v00656130, 0;
    %load/avx.p 13, v00656130, 0;
; Save base=8 wid=6 in lookaside.
    %set/v v00656868_0, 8, 6;
    %movi 8, 16, 6;
    %set/v v006567B8_0, 8, 6;
    %set/v v00656810_0, 1, 1;
    %jmp T_2.11;
T_2.9 ;
    %jmp T_2.11;
T_2.10 ;
    %load/v 40, v006561E0_0, 5;
    %pad 45, 0, 1;
    %ix/get 3, 40, 6;
    %load/av 8, v006562E8, 32;
    %set/v v0038FD60_0, 8, 32;
    %delay 100, 0;
    %load/v 8, v0038FDB8_0, 2;
    %set/v v00656918_0, 8, 2;
    %load/v 8, v00656918_0, 2;
    %pad 10, 0, 1;
    %cmpi/u 8, 1, 3;
    %or 5, 4, 1;
    %mov 8, 5, 1;
    %load/v 41, v006561E0_0, 5;
    %pad 46, 0, 1;
    %ix/get 3, 41, 6;
    %load/av 9, v006569C8, 32;
    %cmpi/u 9, 0, 32;
    %inv 4, 1;
    %mov 9, 4, 1;
    %and 8, 9, 1;
    %movi 9, 2, 4;
    %load/v 13, v00656918_0, 2;
    %pad 15, 0, 2;
    %cmp/u 9, 13, 4;
    %or 5, 4, 1;
    %mov 9, 5, 1;
    %load/v 42, v006561E0_0, 5;
    %pad 47, 0, 1;
    %ix/get 3, 42, 6;
    %load/av 10, v006569C8, 32;
    %cmpi/u 10, 0, 32;
    %mov 10, 4, 1;
    %and 9, 10, 1;
    %or 8, 9, 1;
    %jmp/0xz  T_2.19, 8;
    %set/v v00656238_0, 0, 32;
T_2.21 ;
    %load/v 8, v00656238_0, 32;
    %cmpi/s 8, 32, 32;
    %jmp/0xz T_2.22, 5;
    %load/v 8, v00656238_0, 6; Only need 6 of 32 bits
; Save base=8 wid=6 in lookaside.
    %set/v v00656868_0, 8, 6;
    %movi 8, 16, 6;
    %set/v v006567B8_0, 8, 6;
    %set/v v00656810_0, 1, 1;
    %delay 100, 0;
    %set/v v00656810_0, 0, 1;
    %load/v 8, v00656238_0, 32;
    %movi 40, 1, 32;
    %add 40, 8, 32;
    %set/v v00656238_0, 40, 32;
    %jmp T_2.21;
T_2.22 ;
    %set/v v00656708_0, 1, 1;
    %set/v v00656708_0, 0, 1;
    %ix/load 0, 1, 0;
    %load/vp0 8, v006561E0_0, 5;
    %set/v v006568C0_0, 8, 5;
    %movi 8, 16, 7;
    %load/v 15, v006568C0_0, 5;
    %pad 20, 0, 2;
    %cmp/u 8, 15, 7;
    %or 5, 4, 1;
    %jmp/0xz  T_2.23, 5;
    %load/v 8, v006568C0_0, 5;
    %pad 13, 0, 1;
    %subi 8, 16, 6;
    %set/v v006568C0_0, 8, 5;
T_2.23 ;
    %load/v 8, v00656918_0, 2;
    %pad 10, 0, 1;
    %cmpi/u 8, 1, 3;
    %or 5, 4, 1;
    %jmp/0xz  T_2.25, 5;
    %mov 8, 1, 1;
    %load/v 9, v00656918_0, 1; Select 1 out of 2 bits
    %set/v v00655FD0_0, 8, 2;
    %load/v 40, v006561E0_0, 5;
    %pad 45, 0, 1;
    %ix/get 3, 40, 6;
    %load/av 8, v00656130, 32;
    %set/v v00656340_0, 8, 32;
    %jmp T_2.26;
T_2.25 ;
    %mov 8, 0, 1;
    %load/v 9, v00656918_0, 1; Select 1 out of 2 bits
    %set/v v00655FD0_0, 8, 2;
    %load/v 40, v006561E0_0, 5;
    %pad 45, 0, 1;
    %ix/get 3, 40, 6;
    %ix/load 0, 1, 0;
    %load/avp0 8, v006562E8, 32;
    %set/v v00656340_0, 8, 32;
T_2.26 ;
    %load/v 40, v006561E0_0, 5;
    %pad 45, 0, 1;
    %ix/get 3, 40, 6;
    %load/av 8, v006562E8, 32;
    %set/v v00381510_0, 8, 32;
    %set/v v00656028_0, 1, 1;
    %jmp T_2.20;
T_2.19 ;
    %load/v 8, v00656918_0, 2;
    %pad 10, 0, 1;
    %cmpi/u 8, 1, 3;
    %or 5, 4, 1;
    %jmp/0xz  T_2.27, 5;
    %mov 8, 0, 1;
    %load/v 9, v00656918_0, 1; Select 1 out of 2 bits
    %set/v v00655FD0_0, 8, 2;
    %jmp T_2.28;
T_2.27 ;
    %mov 8, 1, 1;
    %load/v 9, v00656918_0, 1; Select 1 out of 2 bits
    %set/v v00655FD0_0, 8, 2;
T_2.28 ;
    %load/v 40, v006561E0_0, 5;
    %pad 45, 0, 1;
    %ix/get 3, 40, 6;
    %load/av 8, v006562E8, 32;
    %set/v v00381510_0, 8, 32;
    %set/v v00656028_0, 1, 1;
T_2.20 ;
    %jmp T_2.11;
T_2.11 ;
T_2.0 ;
    %set/v v00656810_0, 0, 1;
    %set/v v00656028_0, 0, 1;
    %set/v v00656708_0, 0, 1;
    %jmp T_2;
    .thread T_2;
    .scope S_0038FC90;
T_3 ;
    %wait E_00615010;
    %load/v 8, v00656290_0, 6;
    %pad 14, 0, 1;
    %cmpi/u 8, 16, 7;
    %jmp/0xz  T_3.0, 6;
    %set/v v00656760_0, 3, 32;
    %jmp T_3.1;
T_3.0 ;
    %ix/getv 3, v00656290_0;
    %load/av 8, v006569C8, 32;
    %set/v v00656760_0, 8, 32;
T_3.1 ;
    %jmp T_3;
    .thread T_3, $push;
# The file index is used to find the file name in the following table.
:file_names 3;
    "N/A";
    "<interactive>";
    "ReorderBuffer.v";
